[debug] [2021-08-07T11:25:54.061Z] ----------------------------------------------------------------------
[debug] [2021-08-07T11:25:54.063Z] Command:       C:\Program Files\nodejs\node.exe C:\Users\Gaurav\AppData\Roaming\npm\node_modules\firebase-tools\lib\bin\firebase.js init
[debug] [2021-08-07T11:25:54.064Z] CLI Version:   9.16.0
[debug] [2021-08-07T11:25:54.064Z] Platform:      win32
[debug] [2021-08-07T11:25:54.064Z] Node Version:  v14.16.0
[debug] [2021-08-07T11:25:54.065Z] Time:          Sat Aug 07 2021 16:55:54 GMT+0530 (India Standard Time)
[debug] [2021-08-07T11:25:54.065Z] ----------------------------------------------------------------------
[debug] 
[debug] [2021-08-07T11:25:54.071Z] > command requires scopes: ["email","openid","https://www.googleapis.com/auth/cloudplatformprojects.readonly","https://www.googleapis.com/auth/firebase","https://www.googleapis.com/auth/cloud-platform"]
[debug] [2021-08-07T11:25:54.071Z] > authorizing via signed-in user (gauravbhagat2040@gmail.com)
[info] 
     ######## #### ########  ######## ########     ###     ######  ########
     ##        ##  ##     ## ##       ##     ##  ##   ##  ##       ##
     ######    ##  ########  ######   ########  #########  ######  ######
     ##        ##  ##    ##  ##       ##     ## ##     ##       ## ##
     ##       #### ##     ## ######## ########  ##     ##  ######  ########

You're about to initialize a Firebase project in this directory:

  C:\React Course 2\22_tinder_clone

Before we get started, keep in mind:

  * You are currently outside your home directory

[info] 
=== Project Setup
[info] 
[info] First, let's associate this project directory with a Firebase project.
[info] You can create multiple project aliases by running firebase use --add, 
[info] but for now we'll just set up a default project.
[info] 
[debug] [2021-08-07T11:26:18.142Z] >>> [apiv2][query] GET https://firebase.googleapis.com/v1beta1/projects pageSize=100
[debug] [2021-08-07T11:26:19.140Z] <<< [apiv2][status] GET https://firebase.googleapis.com/v1beta1/projects 200
[debug] [2021-08-07T11:26:19.141Z] <<< [apiv2][body] GET https://firebase.googleapis.com/v1beta1/projects [omitted]
[debug] [2021-08-07T11:28:05.568Z] ----------------------------------------------------------------------
[debug] [2021-08-07T11:28:05.571Z] Command:       C:\Program Files\nodejs\node.exe C:\Users\Gaurav\AppData\Roaming\npm\node_modules\firebase-tools\lib\bin\firebase.js init
[debug] [2021-08-07T11:28:05.572Z] CLI Version:   9.16.0
[debug] [2021-08-07T11:28:05.572Z] Platform:      win32
[debug] [2021-08-07T11:28:05.572Z] Node Version:  v14.16.0
[debug] [2021-08-07T11:28:05.573Z] Time:          Sat Aug 07 2021 16:58:05 GMT+0530 (India Standard Time)
[debug] [2021-08-07T11:28:05.573Z] ----------------------------------------------------------------------
[debug] 
[debug] [2021-08-07T11:28:05.580Z] > command requires scopes: ["email","openid","https://www.googleapis.com/auth/cloudplatformprojects.readonly","https://www.googleapis.com/auth/firebase","https://www.googleapis.com/auth/cloud-platform"]
[debug] [2021-08-07T11:28:05.580Z] > authorizing via signed-in user (gauravbhagat2040@gmail.com)
[info] 
     ######## #### ########  ######## ########     ###     ######  ########
     ##        ##  ##     ## ##       ##     ##  ##   ##  ##       ##
     ######    ##  ########  ######   ########  #########  ######  ######
     ##        ##  ##    ##  ##       ##     ## ##     ##       ## ##
     ##       #### ##     ## ######## ########  ##     ##  ######  ########

You're about to initialize a Firebase project in this directory:

  C:\React Course 2\22_tinder_clone

Before we get started, keep in mind:

  * You are currently outside your home directory

[info] 
=== Project Setup
[info] 
[info] First, let's associate this project directory with a Firebase project.
[info] You can create multiple project aliases by running firebase use --add, 
[info] but for now we'll just set up a default project.
[info] 
[debug] [2021-08-07T11:28:15.074Z] >>> [apiv2][query] GET https://firebase.googleapis.com/v1beta1/projects pageSize=100
[debug] [2021-08-07T11:28:16.114Z] <<< [apiv2][status] GET https://firebase.googleapis.com/v1beta1/projects 200
[debug] [2021-08-07T11:28:16.114Z] <<< [apiv2][body] GET https://firebase.googleapis.com/v1beta1/projects [omitted]
[info] i  Using project tinder-clone-9f1b7 (tinder-clone) 
[info] 
=== Hosting Setup
[info] 
[info] Your public directory is the folder (relative to your project directory) that
[info] will contain Hosting assets to be uploaded with firebase deploy. If you
[info] have a build process for your assets, use your build's output directory.
[info] 
[debug] [2021-08-07T11:29:26.132Z] >>> [apiv2][query] GET https://www.gstatic.com/firebasejs/releases.json [none]
[debug] [2021-08-07T11:29:26.355Z] <<< [apiv2][status] GET https://www.gstatic.com/firebasejs/releases.json 200
[debug] [2021-08-07T11:29:26.356Z] <<< [apiv2][body] GET https://www.gstatic.com/firebasejs/releases.json {"current":{"version":"8.9.0","browserURL":"https://www.gstatic.com/firebasejs/8.9.0/firebase.js","packageURL":"https://www.gstatic.com/firebasejs/8.9.0/firebase.tgz"},"live":{"version":"8.9","browserURL":"https://www.gstatic.com/firebasejs/live/8.9/firebase.js","packageURL":"https://www.gstatic.com/firebasejs/live/8.9/firebase.tgz"},"components":{"analytics":"https://www.gstatic.com/firebasejs/8.9.0/firebase-analytics.js","app":"https://www.gstatic.com/firebasejs/8.9.0/firebase-app.js","app-check":"https://www.gstatic.com/firebasejs/8.9.0/firebase-app-check.js","auth":"https://www.gstatic.com/firebasejs/8.9.0/firebase-auth.js","database":"https://www.gstatic.com/firebasejs/8.9.0/firebase-database.js","firestore":"https://www.gstatic.com/firebasejs/8.9.0/firebase-firestore.js","functions":"https://www.gstatic.com/firebasejs/8.9.0/firebase-functions.js","installations":"https://www.gstatic.com/firebasejs/8.9.0/firebase-installations.js","messaging":"https://www.gstatic.com/firebasejs/8.9.0/firebase-messaging.js","storage":"https://www.gstatic.com/firebasejs/8.9.0/firebase-storage.js","performance":"https://www.gstatic.com/firebasejs/8.9.0/firebase-performance.js","remote-config":"https://www.gstatic.com/firebasejs/8.9.0/firebase-remote-config.js","firestore.memory":"https://www.gstatic.com/firebasejs/8.9.0/firebase-firestore.memory.js"}}
[info] +  Wrote build/index.html 
[info] 
[info] i  Detected a .git folder at C:\React Course 2\22_tinder_clone 
[info] i  Authorizing with GitHub to upload your service account to a GitHub repository's secrets store. 
[info] 
[info] Visit this URL on this device to log in:
[info] https://github.com/login/oauth/authorize?client_id=89cf50f02ac6aaed3484&state=406516624&redirect_uri=http%3A%2F%2Flocalhost%3A9005&scope=read%3Auser%20repo%20public_repo
[info] 
[info] Waiting for authentication...
[debug] [2021-08-07T11:29:41.497Z] >>> HTTP REQUEST POST https://github.com/login/oauth/access_token  
 {"client_id":"89cf50f02ac6aaed3484","client_secret":"3330d14abc895d9a74d5f17cd7a00711fa2c5bf0","code":"afa6b6209557267f18d9","redirect_uri":"http://localhost:9005","state":"406516624"}
[debug] [2021-08-07T11:29:41.916Z] <<< HTTP RESPONSE 200 {"server":"GitHub.com","date":"Sat, 07 Aug 2021 11:29:41 GMT","content-type":"application/json; charset=utf-8","transfer-encoding":"chunked","vary":"X-PJAX, Accept-Encoding, Accept, X-Requested-With","permissions-policy":"interest-cohort=()","etag":"W/\"64ade8607b23ec319e5cc17c259f54d4\"","cache-control":"max-age=0, private, must-revalidate","strict-transport-security":"max-age=31536000; includeSubdomains; preload","x-frame-options":"deny","x-content-type-options":"nosniff","x-xss-protection":"0","referrer-policy":"origin-when-cross-origin, strict-origin-when-cross-origin","expect-ct":"max-age=2592000, report-uri=\"https://api.github.com/_private/browser/errors\"","content-security-policy":"default-src 'none'; base-uri 'self'; block-all-mixed-content; connect-src 'self' uploads.github.com www.githubstatus.com collector.githubapp.com api.github.com github-cloud.s3.amazonaws.com github-production-repository-file-5c1aeb.s3.amazonaws.com github-production-upload-manifest-file-7fdce7.s3.amazonaws.com github-production-user-asset-6210df.s3.amazonaws.com cdn.optimizely.com logx.optimizely.com/v1/events translator.github.com wss://alive.github.com; font-src github.githubassets.com; form-action 'self' github.com gist.github.com; frame-ancestors 'none'; frame-src render.githubusercontent.com render-temp.githubusercontent.com viewscreen.githubusercontent.com; img-src 'self' data: github.githubassets.com identicons.github.com collector.githubapp.com github-cloud.s3.amazonaws.com secured-user-images.githubusercontent.com/ *.githubusercontent.com; manifest-src 'self'; media-src 'none'; script-src github.githubassets.com; style-src 'unsafe-inline' github.githubassets.com; worker-src github.com/socket-worker-3f088aa2.js gist.github.com/socket-worker-3f088aa2.js","x-github-request-id":"5258:5D23:160BF:1A990:610E6EA5"}
[debug] [2021-08-07T11:29:41.938Z] >>> [apiv2][query] GET https://api.github.com/user [none]
[debug] [2021-08-07T11:29:42.344Z] <<< [apiv2][status] GET https://api.github.com/user 200
[debug] [2021-08-07T11:29:42.344Z] <<< [apiv2][body] GET https://api.github.com/user {"login":"cosmic-boy0111","id":87473128,"node_id":"MDQ6VXNlcjg3NDczMTI4","avatar_url":"https://avatars.githubusercontent.com/u/87473128?v=4","gravatar_id":"","url":"https://api.github.com/users/cosmic-boy0111","html_url":"https://github.com/cosmic-boy0111","followers_url":"https://api.github.com/users/cosmic-boy0111/followers","following_url":"https://api.github.com/users/cosmic-boy0111/following{/other_user}","gists_url":"https://api.github.com/users/cosmic-boy0111/gists{/gist_id}","starred_url":"https://api.github.com/users/cosmic-boy0111/starred{/owner}{/repo}","subscriptions_url":"https://api.github.com/users/cosmic-boy0111/subscriptions","organizations_url":"https://api.github.com/users/cosmic-boy0111/orgs","repos_url":"https://api.github.com/users/cosmic-boy0111/repos","events_url":"https://api.github.com/users/cosmic-boy0111/events{/privacy}","received_events_url":"https://api.github.com/users/cosmic-boy0111/received_events","type":"User","site_admin":false,"name":null,"company":null,"blog":"","location":null,"email":null,"hireable":null,"bio":null,"twitter_username":null,"public_repos":13,"public_gists":0,"followers":1,"following":1,"created_at":"2021-07-15T09:31:43Z","updated_at":"2021-08-07T11:29:40Z","private_gists":0,"total_private_repos":3,"owned_private_repos":3,"disk_usage":3781,"collaborators":0,"two_factor_authentication":false,"plan":{"name":"free","space":976562499,"collaborators":0,"private_repos":10000}}
[info] 
[info] +  Success! Logged into GitHub as cosmic-boy0111 
[info] 
[debug] [2021-08-07T11:30:18.434Z] >>> [apiv2][query] GET https://api.github.com/repos//actions/secrets/public-key type=owner
[debug] [2021-08-07T11:30:18.847Z] <<< [apiv2][status] GET https://api.github.com/repos//actions/secrets/public-key 404
[debug] [2021-08-07T11:30:18.848Z] <<< [apiv2][body] GET https://api.github.com/repos//actions/secrets/public-key {"message":"Not Found","documentation_url":"https://docs.github.com/rest"}
[debug] [2021-08-07T11:30:20.117Z] >>> [apiv2][query] GET https://api.github.com/repos/y/actions/secrets/public-key type=owner
[debug] [2021-08-07T11:30:20.486Z] <<< [apiv2][status] GET https://api.github.com/repos/y/actions/secrets/public-key 404
[debug] [2021-08-07T11:30:20.486Z] <<< [apiv2][body] GET https://api.github.com/repos/y/actions/secrets/public-key {"message":"Not Found","documentation_url":"https://docs.github.com/rest"}
